


        *10                                                               Page 1


    1        0010    *10
    2 00010  0213  STRP,  MSG-1         
    3              
    4        0200  *200
    5 00200  6040          TFL             / Init TTY
    6 00201  7200  LOOP,   CLA             / Clear AC in preparation for TAD
    7 00202  1410          TAD I STRP      / Pre-increment mem location 10, fetch indirect to get the next character of our message
    8 00203  7450          SNA             / Skip if message not complete
    9 00204  7402          HLT
   10 00205  4207          JMS OUT1        / Write out one character
   11 00206  5201          JMP LOOP        / Loop for more
   12              
   13 00207  0000  OUT1,   0               / Subroutine - print 1 character in AC
   14 00210  6041          TSF             / Skip if printer ready
   15 00211  5210          JMP .-1         / Wait for flag
   16 00212  6046          TLS             / Send the character in the AC
   17 00213  5607          JMP I OUT1      / Return to caller
   18              
   19              MSG,
   20 00214  0012          012;012
      00215  0012
   21 00216  0301          "A;"v;"a;"i;"l;"a;"b;"l;"e;" ;"s;"o;"f;"t;"w;"a;"r;"e;"s;":;012
      00217  0366
      00220  0341
      00221  0351
      00222  0354
      00223  0341
      00224  0342
      00225  0354
      00226  0345
      00227  0240
      00230  0363
      00231  0357
      00232  0346
      00233  0364
      00234  0367
      00235  0341
      00236  0362
      00237  0345
      00240  0363
      00241  0272
      00242  0012
   22 00243  0255          "-;"-;"-;"-;"-;"-;"-;"-;"-;"-;"-;"-;"-;"-;"-;"-;"-;"-;"-;"-;012
      00244  0255
      00245  0255
      00246  0255
      00247  0255
      00250  0255
      00251  0255
      00252  0255



        *10                                                               Page 2


      00253  0255
      00254  0255
      00255  0255
      00256  0255
      00257  0255
      00260  0255
      00261  0255
      00262  0255
      00263  0255
      00264  0255
      00265  0255
      00266  0255
      00267  0012
   23 00270  0060      0060   / 0
   24 00271  0060      0060   / 0
   25 00272  0072      0072   / :
   26 00273  0040      0040   /  
   27 00274  0160      0160   / p
   28 00275  0162      0162   / r
   29 00276  0151      0151   / i
   30 00277  0156      0156   / n
   31 00300  0164      0164   / t
   32 00301  0150      0150   / h
   33 00302  0145      0145   / e
   34 00303  0154      0154   / l
   35 00304  0160      0160   / p
   36 00305  0056      0056   / .
   37 00306  0142      0142   / b
   38 00307  0151      0151   / i
   39 00310  0156      0156   / n
   40 00311  0040      0040   /  
   41 00312  0040      0040   /  
   42 00313  0040      0040   /  
   43 00314  0040      0040   /  
   44 00315  0040      0040   /  
   45 00316  0040      0040   /  
   46 00317  0040      0040   /  
   47 00320  0040      0040   /  
   48 00321  0040      0040   /  
   49 00322  0040      0040   /  
   50 00323  0120      0120   / P
   51 00324  0103      0103   / C
   52 00325  0072      0072   / :
   53 00326  0060      0060   / 0
   54 00327  0062      0062   / 2
   55 00330  0060      0060   / 0
   56 00331  0060      0060   / 0
   57 00332  0040      0040   /  
   58 00333  0055      0055   / -
   59 00334  0040      0040   /  



        *10                                                               Page 3


   60 00335  0124      0124   / T
   61 00336  0150      0150   / h
   62 00337  0151      0151   / i
   63 00340  0163      0163   / s
   64 00341  0040      0040   /  
   65 00342  0150      0150   / h
   66 00343  0145      0145   / e
   67 00344  0154      0154   / l
   68 00345  0160      0160   / p
   69 00346  0015      0015   / Newline
   70              
   71 00347  0060      0060   / 0
   72 00350  0061      0061   / 1
   73 00351  0072      0072   / :
   74 00352  0040      0040   /  
   75 00353  0104      0104   / D
   76 00354  0060      0060   / 0
   77 00355  0101      0101   / A
   78 00356  0102      0102   / B
   79 00357  0055      0055   / -
   80 00360  0111      0111   / I
   81 00361  0156      0156   / n
   82 00362  0163      0163   / s
   83 00363  0164      0164   / t
   84 00364  0124      0124   / T
   85 00365  0145      0145   / e
   86 00366  0163      0163   / s
   87 00367  0164      0164   / t
   88 00370  0055      0055   / -
   89 00371  0061      0061   / 1
   90 00372  0056      0056   / .
   91 00373  0160      0160   / p
   92 00374  0164      0164   / t
   93 00375  0040      0040   /  
   94 00376  0040      0040   /  
   95 00377  0040      0040   /  
   96 00400  0040      0040   /  
   97 00401  0040      0040   /  
   98 00402  0120      0120   / P
   99 00403  0103      0103   / C
  100 00404  0072      0072   / :
  101 00405  0060      0060   / 0
  102 00406  0062      0062   / 2
  103 00407  0060      0060   / 0
  104 00410  0060      0060   / 0
  105 00411  0054      0054   / ,
  106 00412  0040      0040   /  
  107 00413  0143      0143   / c
  108 00414  0157      0157   / o
  109 00415  0156      0156   / n



        *10                                                               Page 4


  110 00416  0164      0164   / t
  111 00417  0040      0040   /  
  112 00420  0141      0141   / a
  113 00421  0164      0164   / t
  114 00422  0040      0040   /  
  115 00423  0060      0060   / 0
  116 00424  0061      0061   / 1
  117 00425  0064      0064   / 4
  118 00426  0067      0067   / 7
  119 00427  0040      0040   /  
  120 00430  0055      0055   / -
  121 00431  0040      0040   /  
  122 00432  0015      0015   / Newline
  123              
  124 00433  0060      0060   / 0
  125 00434  0062      0062   / 2
  126 00435  0072      0072   / :
  127 00436  0040      0040   /  
  128 00437  0104      0104   / D
  129 00440  0060      0060   / 0
  130 00441  0102      0102   / B
  131 00442  0102      0102   / B
  132 00443  0055      0055   / -
  133 00444  0111      0111   / I
  134 00445  0156      0156   / n
  135 00446  0163      0163   / s
  136 00447  0164      0164   / t
  137 00450  0124      0124   / T
  138 00451  0145      0145   / e
  139 00452  0163      0163   / s
  140 00453  0164      0164   / t
  141 00454  0055      0055   / -
  142 00455  0062      0062   / 2
  143 00456  0056      0056   / .
  144 00457  0160      0160   / p
  145 00460  0164      0164   / t
  146 00461  0040      0040   /  
  147 00462  0040      0040   /  
  148 00463  0040      0040   /  
  149 00464  0040      0040   /  
  150 00465  0040      0040   /  
  151 00466  0120      0120   / P
  152 00467  0103      0103   / C
  153 00470  0072      0072   / :
  154 00471  0060      0060   / 0
  155 00472  0062      0062   / 2
  156 00473  0060      0060   / 0
  157 00474  0060      0060   / 0
  158 00475  0040      0040   /  
  159 00476  0055      0055   / -



        *10                                                               Page 5


  160 00477  0040      0040   /  
  161 00500  0015      0015   / Newline
  162              
  163 00501  0060      0060   / 0
  164 00502  0063      0063   / 3
  165 00503  0072      0072   / :
  166 00504  0040      0040   /  
  167 00505  0104      0104   / D
  168 00506  0060      0060   / 0
  169 00507  0111      0111   / I
  170 00510  0102      0102   / B
  171 00511  0055      0055   / -
  172 00512  0112      0112   / J
  173 00513  0115      0115   / M
  174 00514  0120      0120   / P
  175 00515  0112      0112   / J
  176 00516  0115      0115   / M
  177 00517  0123      0123   / S
  178 00520  0056      0056   / .
  179 00521  0160      0160   / p
  180 00522  0164      0164   / t
  181 00523  0040      0040   /  
  182 00524  0040      0040   /  
  183 00525  0040      0040   /  
  184 00526  0040      0040   /  
  185 00527  0040      0040   /  
  186 00530  0040      0040   /  
  187 00531  0040      0040   /  
  188 00532  0040      0040   /  
  189 00533  0040      0040   /  
  190 00534  0120      0120   / P
  191 00535  0103      0103   / C
  192 00536  0072      0072   / :
  193 00537  0060      0060   / 0
  194 00540  0062      0062   / 2
  195 00541  0060      0060   / 0
  196 00542  0060      0060   / 0
  197 00543  0040      0040   /  
  198 00544  0055      0055   / -
  199 00545  0040      0040   /  
  200 00546  0015      0015   / Newline
  201              
  202 00547  0060      0060   / 0
  203 00550  0064      0064   / 4
  204 00551  0072      0072   / :
  205 00552  0040      0040   /  
  206 00553  0104      0104   / D
  207 00554  0060      0060   / 0
  208 00555  0112      0112   / J
  209 00556  0102      0102   / B



        *10                                                               Page 6


  210 00557  0055      0055   / -
  211 00560  0112      0112   / J
  212 00561  0115      0115   / M
  213 00562  0120      0120   / P
  214 00563  0112      0112   / J
  215 00564  0115      0115   / M
  216 00565  0123      0123   / S
  217 00566  0055      0055   / -
  218 00567  0122      0122   / R
  219 00570  0101      0101   / A
  220 00571  0116      0116   / N
  221 00572  0104      0104   / D
  222 00573  0117      0117   / O
  223 00574  0115      0115   / M
  224 00575  0056      0056   / .
  225 00576  0160      0160   / p
  226 00577  0164      0164   / t
  227 00600  0040      0040   /  
  228 00601  0040      0040   /  
  229 00602  0120      0120   / P
  230 00603  0103      0103   / C
  231 00604  0072      0072   / :
  232 00605  0060      0060   / 0
  233 00606  0062      0062   / 2
  234 00607  0060      0060   / 0
  235 00610  0060      0060   / 0
  236 00611  0040      0040   /  
  237 00612  0055      0055   / -
  238 00613  0040      0040   /  
  239 00614  0015      0015   / Newline
  240              
  241 00615  0060      0060   / 0
  242 00616  0065      0065   / 5
  243 00617  0072      0072   / :
  244 00620  0040      0040   /  
  245 00621  0104      0104   / D
  246 00622  0060      0060   / 0
  247 00623  0104      0104   / D
  248 00624  0102      0102   / B
  249 00625  0055      0055   / -
  250 00626  0122      0122   / R
  251 00627  0141      0141   / a
  252 00630  0156      0156   / n
  253 00631  0144      0144   / d
  254 00632  0157      0157   / o
  255 00633  0155      0155   / m
  256 00634  0101      0101   / A
  257 00635  0116      0116   / N
  258 00636  0104      0104   / D
  259 00637  0056      0056   / .



        *10                                                               Page 7


  260 00640  0160      0160   / p
  261 00641  0164      0164   / t
  262 00642  0040      0040   /  
  263 00643  0040      0040   /  
  264 00644  0040      0040   /  
  265 00645  0040      0040   /  
  266 00646  0040      0040   /  
  267 00647  0040      0040   /  
  268 00650  0120      0120   / P
  269 00651  0103      0103   / C
  270 00652  0072      0072   / :
  271 00653  0060      0060   / 0
  272 00654  0062      0062   / 2
  273 00655  0060      0060   / 0
  274 00656  0060      0060   / 0
  275 00657  0040      0040   /  
  276 00660  0055      0055   / -
  277 00661  0040      0040   /  
  278 00662  0015      0015   / Newline
  279              
  280 00663  0060      0060   / 0
  281 00664  0066      0066   / 6
  282 00665  0072      0072   / :
  283 00666  0040      0040   /  
  284 00667  0104      0104   / D
  285 00670  0060      0060   / 0
  286 00671  0103      0103   / C
  287 00672  0103      0103   / C
  288 00673  0055      0055   / -
  289 00674  0101      0101   / A
  290 00675  0144      0144   / d
  291 00676  0144      0144   / d
  292 00677  0124      0124   / T
  293 00700  0145      0145   / e
  294 00701  0163      0163   / s
  295 00702  0164      0164   / t
  296 00703  0056      0056   / .
  297 00704  0160      0160   / p
  298 00705  0164      0164   / t
  299 00706  0040      0040   /  
  300 00707  0040      0040   /  
  301 00710  0040      0040   /  
  302 00711  0040      0040   /  
  303 00712  0040      0040   /  
  304 00713  0040      0040   /  
  305 00714  0040      0040   /  
  306 00715  0040      0040   /  
  307 00716  0120      0120   / P
  308 00717  0103      0103   / C
  309 00720  0072      0072   / :



        *10                                                               Page 8


  310 00721  0060      0060   / 0
  311 00722  0062      0062   / 2
  312 00723  0060      0060   / 0
  313 00724  0060      0060   / 0
  314 00725  0040      0040   /  
  315 00726  0055      0055   / -
  316 00727  0040      0040   /  
  317 00730  0015      0015   / Newline
  318              
  319 00731  0060      0060   / 0
  320 00732  0067      0067   / 7
  321 00733  0072      0072   / :
  322 00734  0040      0040   /  
  323 00735  0106      0106   / F
  324 00736  0117      0117   / O
  325 00737  0103      0103   / C
  326 00740  0101      0101   / A
  327 00741  0114      0114   / L
  328 00742  0055      0055   / -
  329 00743  0070      0070   / 8
  330 00744  0055      0055   / -
  331 00745  0116      0116   / N
  332 00746  0117      0117   / O
  333 00747  0111      0111   / I
  334 00750  0116      0116   / N
  335 00751  0124      0124   / T
  336 00752  0056      0056   / .
  337 00753  0142      0142   / b
  338 00754  0156      0156   / n
  339 00755  0040      0040   /  
  340 00756  0040      0040   /  
  341 00757  0040      0040   /  
  342 00760  0040      0040   /  
  343 00761  0040      0040   /  
  344 00762  0040      0040   /  
  345 00763  0040      0040   /  
  346 00764  0120      0120   / P
  347 00765  0103      0103   / C
  348 00766  0072      0072   / :
  349 00767  0060      0060   / 0
  350 00770  0062      0062   / 2
  351 00771  0060      0060   / 0
  352 00772  0060      0060   / 0
  353 00773  0040      0040   /  
  354 00774  0055      0055   / -
  355 00775  0040      0040   /  
  356 00776  0015      0015   / Newline
  357              
  358 00777  0274      "<;"e;"n;"d;">;0015
      01000  0345



        *10                                                               Page 9


      01001  0356
      01002  0344
      01003  0276
      01004  0015
  359 01005  0000      0
  360              $

      No detected errors
      No links generated
